RUN	com.gatling.tests.api.PostPutDeleteAPIDemo	postputdeleteapidemo	1673986521655	Demo 4	3.6.1
USER	Update User	START	1673986523279
USER	Update User	START	1673986523778
USER	Create User	START	1673986523279
USER	Create User	START	1673986524279
USER	Update User	START	1673986524279
REQUEST		update user	1673986523779	1673986524341	OK	 
REQUEST		update user	1673986523311	1673986524348	OK	 
REQUEST		create user req	1673986523311	1673986524331	OK	 
REQUEST		update user	1673986524280	1673986524739	OK	 
USER	Update User	START	1673986524776
REQUEST		create user req	1673986524280	1673986524795	OK	 
REQUEST		update user	1673986524776	1673986525260	OK	 
USER	Update User	START	1673986525271
USER	Create User	START	1673986525271
USER	Update User	END	1673986525455
USER	Create User	END	1673986525455
USER	Update User	END	1673986525455
USER	Update User	END	1673986525752
REQUEST		create user req	1673986525272	1673986525752	OK	 
REQUEST		update user	1673986525272	1673986525752	OK	 
USER	Create User	END	1673986525814
USER	Create User	START	1673986526262
USER	Update User	END	1673986526278
USER	Update User	END	1673986526762
USER	Create User	END	1673986526762
REQUEST		create user req	1673986526263	1673986526766	OK	 
USER	Create User	START	1673986527276
USER	Create User	END	1673986527773
REQUEST		create user req	1673986527278	1673986527777	OK	 
USER	Create User	END	1673986528785
