RUN	com.gatling.tests.SearchAndEditComputer	searchandeditcomputer	1673972352357	Search adn Edit with Ramp	3.6.1
USER	Users	START	1673972354018
USER	Admins	START	1673972354018
USER	Users	START	1673972355011
REQUEST		Home	1673972354065	1673972355111	OK	 
REQUEST		Home	1673972354065	1673972355111	OK	 
REQUEST		Home	1673972355012	1673972355570	OK	 
USER	Admins	START	1673972356015
USER	Users	START	1673972356015
USER	Users	START	1673972357014
REQUEST		Search	1673972357220	1673972357366	OK	 
REQUEST		Search	1673972357220	1673972357370	OK	 
REQUEST		Home	1673972356016	1673972357494	OK	 
REQUEST		Home	1673972356016	1673972357494	OK	 
REQUEST		Search	1673972357590	1673972357724	OK	 
REQUEST		Home	1673972357014	1673972357794	OK	 
USER	Users	START	1673972358010
REQUEST		Home	1673972358010	1673972358779	OK	 
USER	Admins	START	1673972359009
USER	Users	START	1673972359009
USER	Users	START	1673972360008
REQUEST		Search	1673972359806	1673972360138	OK	 
REQUEST		Search	1673972359507	1673972360139	OK	 
REQUEST		Search	1673972359507	1673972360137	OK	 
REQUEST		Home	1673972359009	1673972360148	OK	 
REQUEST		Home	1673972359009	1673972360150	OK	 
REQUEST		Home	1673972360008	1673972360502	OK	 
REQUEST		Select	1673972360384	1673972360502	OK	 
REQUEST		Select	1673972360384	1673972360503	OK	 
REQUEST		Select	1673972360726	1673972360898	OK	 
REQUEST		Search	1673972360787	1673972361020	OK	 
USER	Users	START	1673972361020
USER	Admins	START	1673972361020
REQUEST		Home	1673972361020	1673972361504	OK	 
REQUEST		Home	1673972361020	1673972361632	OK	 
USER	Users	START	1673972362003
REQUEST		Search	1673972362160	1673972362275	OK	 
REQUEST		Search	1673972362160	1673972362275	OK	 
REQUEST		Home	1673972362003	1673972362567	OK	 
REQUEST		Search	1673972362505	1673972362625	OK	 
USER	Users	START	1673972363005
REQUEST		Select	1673972363146	1673972363267	OK	 
REQUEST		Select	1673972363146	1673972363267	OK	 
REQUEST		Select	1673972363146	1673972363267	OK	 
REQUEST		Home	1673972363006	1673972363533	OK	 
REQUEST		Search	1673972363518	1673972363637	OK	 
REQUEST		Search	1673972363644	1673972363797	OK	 
REQUEST		Select	1673972364032	1673972364178	OK	 
USER	Users	END	1673972364520
REQUEST		Edit	1673972364520	1673972364632	OK	 
REQUEST		Search	1673972364578	1673972364711	OK	 
REQUEST		Edit Redirect 1	1673972364639	1673972364756	OK	 
USER	Users	END	1673972364906
REQUEST		Select	1673972365279	1673972365403	OK	 
REQUEST		Select	1673972365279	1673972365404	OK	 
REQUEST		Search	1673972365546	1673972365666	OK	 
REQUEST		Select	1673972365638	1673972365765	OK	 
USER	Users	END	1673972367283
USER	Users	END	1673972367283
REQUEST		Select	1673972366803	1673972367388	OK	 
REQUEST		Select	1673972366647	1673972367388	OK	 
USER	Users	END	1673972368192
REQUEST		Edit	1673972367283	1673972368202	OK	 
USER	Admins	END	1673972368764
REQUEST		Select	1673972367721	1673972369023	OK	 
REQUEST		Select	1673972368671	1673972369023	OK	 
REQUEST		Edit Redirect 1	1673972368203	1673972369023	OK	 
USER	Users	END	1673972369418
REQUEST		Edit	1673972369417	1673972369635	OK	 
USER	Users	END	1673972369775
REQUEST		Edit Redirect 1	1673972369635	1673972369847	OK	 
USER	Users	END	1673972371398
REQUEST		Edit	1673972371397	1673972371583	OK	 
REQUEST		Edit Redirect 1	1673972371583	1673972371756	OK	 
USER	Admins	END	1673972373031
USER	Users	END	1673972373031
USER	Users	END	1673972373031
USER	Admins	END	1673972373849
USER	Admins	END	1673972375770
