RUN	com.gatling.tests.api.PostPutDeleteAPIDemo	postputdeleteapidemo	1673986880046	Demo 6	3.6.1
USER	Update User	START	1673986882395
USER	Delete User	START	1673986882395
USER	Delete User	START	1673986881920
USER	Update User	START	1673986881909
USER	Create User	START	1673986881908
USER	Update User	START	1673986882891
USER	Create User	START	1673986882907
USER	Delete User	START	1673986882907
REQUEST		delete user req	1673986882395	1673986883087	OK	 
REQUEST		delete user req	1673986881977	1673986883087	OK	 
REQUEST		create user req	1673986881977	1673986883153	OK	 
REQUEST		update user	1673986881977	1673986883200	OK	 
REQUEST		update user	1673986882395	1673986883230	OK	 
REQUEST		create user req	1673986882907	1673986883331	OK	 
REQUEST		update user	1673986882892	1673986883335	OK	 
REQUEST		delete user req	1673986882907	1673986883354	OK	 
USER	Update User	START	1673986883399
USER	Update User	START	1673986883898
USER	Create User	START	1673986883898
REQUEST		update user	1673986883400	1673986883907	OK	 
USER	Delete User	END	1673986884137
USER	Delete User	END	1673986884137
USER	Create User	END	1673986884256
USER	Update User	END	1673986884256
USER	Update User	END	1673986884257
REQUEST		create user req	1673986883899	1673986884330	OK	 
USER	Update User	END	1673986884348
USER	Create User	END	1673986884348
REQUEST		update user	1673986883899	1673986884355	OK	 
USER	Delete User	END	1673986884365
USER	Create User	START	1673986884909
USER	Update User	END	1673986884921
USER	Create User	END	1673986885345
USER	Update User	END	1673986885359
REQUEST		create user req	1673986884910	1673986885367	OK	 
USER	Create User	START	1673986885905
REQUEST		create user req	1673986885906	1673986886343	OK	 
USER	Create User	END	1673986886374
USER	Create User	END	1673986887353
