RUN	com.gatling.tests.api.PostPutDeleteAPIDemo	postputdeleteapidemo	1673986402347	 	3.6.1
USER	Create User	START	1673986404136
USER	Update User	START	1673986404624
USER	Update User	START	1673986404137
USER	Update User	START	1673986405121
USER	Create User	START	1673986405137
REQUEST		update user	1673986404625	1673986405159	OK	 
REQUEST		update user	1673986404185	1673986405168	OK	 
REQUEST		create user req	1673986404185	1673986405193	KO	jsonPath($.name).find.is(John), but actually found Jesus
REQUEST		update user	1673986405123	1673986405575	OK	 
USER	Update User	START	1673986405618
REQUEST		create user req	1673986405138	1673986405715	KO	jsonPath($.name).find.is(John), but actually found Jesus
USER	Update User	START	1673986406131
USER	Create User	START	1673986406131
REQUEST		update user	1673986405619	1673986406143	OK	 
USER	Update User	END	1673986406267
USER	Update User	END	1673986406267
USER	Create User	END	1673986406267
USER	Update User	END	1673986406586
REQUEST		create user req	1673986406132	1673986406590	KO	jsonPath($.name).find.is(John), but actually found Jesus
REQUEST		update user	1673986406132	1673986406598	OK	 
USER	Create User	END	1673986406726
USER	Create User	START	1673986407128
USER	Update User	END	1673986407160
USER	Create User	END	1673986407597
REQUEST		create user req	1673986407129	1673986407602	KO	jsonPath($.name).find.is(John), but actually found Jesus
USER	Update User	END	1673986407611
USER	Create User	START	1673986408125
USER	Create User	END	1673986408609
REQUEST		create user req	1673986408126	1673986408613	KO	jsonPath($.name).find.is(John), but actually found Jesus
USER	Create User	END	1673986409623
